<?xml version="1.0" encoding="UTF-8"?>
<!-- Generated by org.testng.reporters.JUnitXMLReporter -->
<testsuite ignored="0" hostname="EC2AMAZ-S11DBRH" failures="1" tests="3" name="Default test" time="23.524" errors="0" timestamp="2023-08-24T07:50:26 GMT">
  <testcase classname="io.cucumber.testng.AbstractTestNGCucumberTests" name="runScenario" time="9.617"/>
  <testcase classname="io.cucumber.testng.AbstractTestNGCucumberTests" name="runScenario" time="4.092">
    <failure type="java.lang.AssertionError" message="expected [Selenium1 Tutorial - Google Search] but found [Selenium Tutorial - Google Search]">
      <![CDATA[java.lang.AssertionError: expected [Selenium1 Tutorial - Google Search] but found [Selenium Tutorial - Google Search]
at org.testng.Assert.fail(Assert.java:110)
at org.testng.Assert.failNotEquals(Assert.java:1413)
at org.testng.Assert.assertEqualsImpl(Assert.java:149)
at org.testng.Assert.assertEquals(Assert.java:131)
at org.testng.Assert.assertEquals(Assert.java:655)
at org.testng.Assert.assertEquals(Assert.java:665)
at stepDefs.GooglePageDefs.Should_Displayed_Selenium_Search_Page(GooglePageDefs.java:55)
at âœ½.Should Displayed Selenium Search Page(file:///C:/Newfolder/CucumberProject/src/test/resources/features/GooglePageSearch.feature:11)
]]>
    </failure>
  </testcase> <!-- runScenario -->
  <testcase classname="io.cucumber.testng.AbstractTestNGCucumberTests" name="runScenario" time="6.187"/>
</testsuite> <!-- Default test -->
